<?xml version="1.0" encoding="UTF-8"?>
<!-- Generated by org.testng.reporters.JUnitReportReporter -->
<testsuite skipped="1" hostname="Rustams-MacBook-Pro.local" name="core.PrimeNumberCheckerTestOld" tests="1" failures="0" timestamp="2020-04-22T00:40:19 PDT" time="0.000" errors="0">
  <testcase name="test" time="0.000" classname="core.PrimeNumberCheckerTestOld">
    <skipped/>
  </testcase> <!-- test -->
  <system-out/>
</testsuite> <!-- core.PrimeNumberCheckerTestOld -->
